[2025-05-09 10:43:44] Error connecting to Arduino: module 'serial' has no attribute 'Serial'
[2025-05-09 10:45:15] [CONFIG] Saved to ai_config.json
[2025-05-09 10:45:15] Attempting to start finalcam.py
[2025-05-09 10:45:55] [STOP] No active process or already stopped.
[2025-05-09 10:46:06] [CONFIG] Saved to ai_config.json
[2025-05-09 10:46:06] Attempting to start finalcam.py
[2025-05-09 10:47:58] [STOP] No active process or already stopped.
[2025-05-09 10:47:59] [CONFIG] Saved to ai_config.json
[2025-05-09 10:47:59] Attempting to start finalcam.py
[2025-05-09 10:49:24] [STOP] No active process or already stopped.
[2025-05-09 10:49:29] [CONFIG] Saved to ai_config.json
[2025-05-09 10:49:29] Attempting to start finalcam.py
[2025-05-09 10:50:27] [STOP] No active process or already stopped.
[2025-05-09 10:50:28] [CONFIG] Saved to ai_config.json
[2025-05-09 10:50:28] Attempting to start finalcam.py
[2025-05-09 10:51:08] [STOP] No active process or already stopped.
[2025-05-09 10:51:09] [CONFIG] Saved to ai_config.json
[2025-05-09 10:51:09] Attempting to start finalcam.py
[2025-05-09 10:53:02] Error connecting to Arduino: module 'serial' has no attribute 'Serial'
[2025-05-09 10:53:48] [CONFIG] Saved to ai_config.json
[2025-05-09 10:53:48] Attempting to start finalcam.py
[2025-05-09 10:54:09] [STOP] No active process or already stopped.
[2025-05-09 10:54:09] [CONFIG] Saved to ai_config.json
[2025-05-09 10:54:09] Attempting to start finalcam.py
[2025-05-09 10:55:14] [STOP] No active process or already stopped.
[2025-05-09 10:55:14] [CONFIG] Saved to ai_config.json
[2025-05-09 10:55:14] Attempting to start finalcam.py
[2025-05-09 10:56:33] Error connecting to Arduino: module 'serial' has no attribute 'Serial'
[2025-05-09 10:56:50] [ZONES] Current zones: {'red': [[-3.0, 10.0], [3.0, 10.0], [-3.0, 14.0], [3.0, 14.0]]}
[2025-05-09 10:56:50] [ZONES] Zones saved to zones.json
[2025-05-09 10:57:10] [CONFIG] Saved to ai_config.json
[2025-05-09 10:57:10] Attempting to start finalcam.py
[2025-05-09 10:59:13] [ZONES] Loaded zones from zones.json
[2025-05-09 10:59:13] Error connecting to Arduino: module 'serial' has no attribute 'Serial'
[2025-05-09 10:59:37] [CONFIG] Saved to ai_config.json
[2025-05-09 10:59:37] Attempting to start finalcam.py
[2025-05-09 11:04:41] [STOP] No active process or already stopped.
[2025-05-09 11:04:42] [CONFIG] Saved to ai_config.json
[2025-05-09 11:04:42] Attempting to start finalcam.py
[2025-05-09 11:05:32] [CONFIG] Saved to ai_config.json
[2025-05-09 11:05:32] Attempting to start finalcam.py
[2025-05-09 11:07:23] [ZONES] Current zones: {'red': [[-3.0, 10.0], [3.0, 10.0], [-3.0, 14.0], [3.0, 14.0]], 'blue': [[-3.0, 14.0], [3.0, 14.0], [-3.0, 20.0], [3.0, 20.0]]}
[2025-05-09 11:07:23] [ZONES] Zones saved to zones.json
[2025-05-09 11:07:31] [CONFIG] Saved to ai_config.json
[2025-05-09 11:07:31] Attempting to start finalcam.py
[2025-05-09 11:09:19] [CONFIG] Saved to ai_config.json
[2025-05-09 11:09:19] Attempting to start finalcam.py
[2025-05-09 11:13:24] [ZONES] Loaded zones from zones.json
[2025-05-09 11:13:24] Error connecting to Arduino: module 'serial' has no attribute 'Serial'
[2025-05-09 11:13:29] [CONFIG] Saved to ai_config.json
[2025-05-09 11:13:29] Attempting to start finalcam.py
